{"level":"info","message":"🚀 Server running on port 3001","service":"cryptoanalyst-api","timestamp":"2025-06-27T03:19:36.026Z"}
{"level":"info","message":"🔗 Environment: development","service":"cryptoanalyst-api","timestamp":"2025-06-27T03:19:36.037Z"}
{"level":"info","message":"🎯 Ready for hackathon demo!","service":"cryptoanalyst-api","timestamp":"2025-06-27T03:19:36.037Z"}
{"level":"info","message":"📍 Health check: http://localhost:3001/health","service":"cryptoanalyst-api","timestamp":"2025-06-27T03:19:36.038Z"}
{"level":"info","message":"POST /api/auth/login - ::1","service":"cryptoanalyst-api","timestamp":"2025-06-27T03:30:29.751Z"}
{"level":"info","message":"POST /api/auth/register - ::1","service":"cryptoanalyst-api","timestamp":"2025-06-27T03:30:35.190Z"}
{"level":"info","message":"GET /api/analysis/types - ::1","service":"cryptoanalyst-api","timestamp":"2025-06-27T03:30:35.529Z"}
{"level":"info","message":"GET /api/analysis/types - ::1","service":"cryptoanalyst-api","timestamp":"2025-06-27T03:30:35.534Z"}
{"level":"info","message":"POST /api/wallet/create - ::1","service":"cryptoanalyst-api","timestamp":"2025-06-27T03:30:38.903Z"}
{"level":"info","message":"POST /api/wallet/create - ::1","service":"cryptoanalyst-api","timestamp":"2025-06-27T03:30:41.432Z"}
{"level":"info","message":"POST /api/wallet/create - ::1","service":"cryptoanalyst-api","timestamp":"2025-06-27T03:31:16.928Z"}
{"level":"info","message":"POST /api/wallet/create - ::1","service":"cryptoanalyst-api","timestamp":"2025-06-27T03:31:22.033Z"}
{"level":"info","message":"GET /api/auth/profile - ::1","service":"cryptoanalyst-api","timestamp":"2025-06-27T03:33:48.488Z"}
{"level":"info","message":"GET /api/auth/profile - ::1","service":"cryptoanalyst-api","timestamp":"2025-06-27T03:33:48.507Z"}
{"level":"info","message":"GET /api/analysis/types - ::1","service":"cryptoanalyst-api","timestamp":"2025-06-27T03:33:48.522Z"}
{"level":"info","message":"GET /api/analysis/types - ::1","service":"cryptoanalyst-api","timestamp":"2025-06-27T03:33:48.525Z"}
{"level":"info","message":"POST /api/wallet/create - ::1","service":"cryptoanalyst-api","timestamp":"2025-06-27T03:33:49.576Z"}
{"level":"info","message":"GET /api/auth/profile - ::1","service":"cryptoanalyst-api","timestamp":"2025-06-27T03:34:13.157Z"}
{"level":"info","message":"GET /api/auth/profile - ::1","service":"cryptoanalyst-api","timestamp":"2025-06-27T03:34:13.166Z"}
{"level":"info","message":"GET /api/analysis/types - ::1","service":"cryptoanalyst-api","timestamp":"2025-06-27T03:34:13.175Z"}
{"level":"info","message":"GET /api/analysis/types - ::1","service":"cryptoanalyst-api","timestamp":"2025-06-27T03:34:13.177Z"}
{"level":"info","message":"POST /api/wallet/create - ::1","service":"cryptoanalyst-api","timestamp":"2025-06-27T03:34:14.569Z"}
{"level":"info","message":"🚀 Server running on port 3001","service":"cryptoanalyst-api","timestamp":"2025-06-27T03:37:59.702Z"}
{"level":"info","message":"🔗 Environment: development","service":"cryptoanalyst-api","timestamp":"2025-06-27T03:37:59.716Z"}
{"level":"info","message":"🎯 Ready for hackathon demo!","service":"cryptoanalyst-api","timestamp":"2025-06-27T03:37:59.717Z"}
{"level":"info","message":"📍 Health check: http://localhost:3001/health","service":"cryptoanalyst-api","timestamp":"2025-06-27T03:37:59.717Z"}
{"level":"info","message":"GET /api/auth/profile - ::1","service":"cryptoanalyst-api","timestamp":"2025-06-27T03:38:24.619Z"}
{"level":"info","message":"GET /api/auth/profile - ::1","service":"cryptoanalyst-api","timestamp":"2025-06-27T03:38:24.761Z"}
{"level":"info","message":"GET /api/analysis/types - ::1","service":"cryptoanalyst-api","timestamp":"2025-06-27T03:38:24.778Z"}
{"level":"info","message":"GET /api/analysis/types - ::1","service":"cryptoanalyst-api","timestamp":"2025-06-27T03:38:24.779Z"}
{"level":"info","message":"POST /api/wallet/create - ::1","service":"cryptoanalyst-api","timestamp":"2025-06-27T03:38:26.178Z"}
{"level":"info","message":"Created wallet wallet_cmce98g84000012un8y7b9nif_1750995506181 for user cmce98g84000012un8y7b9nif","service":"cryptoanalyst-api","timestamp":"2025-06-27T03:38:26.190Z"}
{"level":"info","message":"GET /api/analysis/user - ::1","service":"cryptoanalyst-api","timestamp":"2025-06-27T03:38:30.456Z"}
{"level":"info","message":"GET /api/analysis/user - ::1","service":"cryptoanalyst-api","timestamp":"2025-06-27T03:38:30.468Z"}
{"level":"info","message":"GET /api/payments/revenue/dashboard - ::1","service":"cryptoanalyst-api","timestamp":"2025-06-27T03:38:31.206Z"}
{"level":"info","message":"GET /api/payments/revenue/dashboard - ::1","service":"cryptoanalyst-api","timestamp":"2025-06-27T03:38:31.225Z"}
{"level":"info","message":"GET /api/analysis/types - ::1","service":"cryptoanalyst-api","timestamp":"2025-06-27T03:38:33.989Z"}
{"level":"info","message":"GET /api/analysis/types - ::1","service":"cryptoanalyst-api","timestamp":"2025-06-27T03:38:33.991Z"}
{"level":"info","message":"GET /api/analysis/user - ::1","service":"cryptoanalyst-api","timestamp":"2025-06-27T03:47:57.151Z"}
{"level":"info","message":"GET /api/analysis/user - ::1","service":"cryptoanalyst-api","timestamp":"2025-06-27T03:47:57.192Z"}
{"level":"info","message":"POST /api/auth/register - ::1","service":"cryptoanalyst-api","timestamp":"2025-06-27T03:58:36.321Z"}
{"level":"info","message":"POST /api/auth/register - ::1","service":"cryptoanalyst-api","timestamp":"2025-06-27T03:58:38.532Z"}
{"level":"info","message":"POST /api/auth/login - ::1","service":"cryptoanalyst-api","timestamp":"2025-06-27T03:58:40.695Z"}
{"level":"info","message":"GET /api/analysis/types - ::1","service":"cryptoanalyst-api","timestamp":"2025-06-27T03:58:40.964Z"}
{"level":"info","message":"GET /api/analysis/types - ::1","service":"cryptoanalyst-api","timestamp":"2025-06-27T03:58:40.968Z"}
{"level":"info","message":"GET /api/analysis/user - ::1","service":"cryptoanalyst-api","timestamp":"2025-06-27T03:58:45.145Z"}
{"level":"info","message":"GET /api/analysis/user - ::1","service":"cryptoanalyst-api","timestamp":"2025-06-27T03:58:45.151Z"}
{"level":"info","message":"GET /api/payments/revenue/dashboard - ::1","service":"cryptoanalyst-api","timestamp":"2025-06-27T03:58:45.748Z"}
{"level":"info","message":"GET /api/payments/revenue/dashboard - ::1","service":"cryptoanalyst-api","timestamp":"2025-06-27T03:58:45.773Z"}
{"level":"info","message":"GET /api/analysis/user - ::1","service":"cryptoanalyst-api","timestamp":"2025-06-27T03:58:47.668Z"}
{"level":"info","message":"GET /api/analysis/user - ::1","service":"cryptoanalyst-api","timestamp":"2025-06-27T03:58:47.672Z"}
{"level":"info","message":"GET /api/payments/revenue/dashboard - ::1","service":"cryptoanalyst-api","timestamp":"2025-06-27T03:58:49.059Z"}
{"level":"info","message":"GET /api/payments/revenue/dashboard - ::1","service":"cryptoanalyst-api","timestamp":"2025-06-27T03:58:49.065Z"}
{"level":"info","message":"GET /api/analysis/types - ::1","service":"cryptoanalyst-api","timestamp":"2025-06-27T04:02:52.446Z"}
{"level":"info","message":"GET /api/analysis/types - ::1","service":"cryptoanalyst-api","timestamp":"2025-06-27T04:02:52.448Z"}
{"level":"info","message":"POST /api/analysis - ::1","service":"cryptoanalyst-api","timestamp":"2025-06-27T04:03:16.869Z"}
{"level":"info","message":"POST /api/analysis - ::1","service":"cryptoanalyst-api","timestamp":"2025-06-27T04:15:47.040Z"}
{"level":"info","message":"POST /api/analysis - ::1","service":"cryptoanalyst-api","timestamp":"2025-06-27T04:15:54.753Z"}
{"level":"info","message":"GET /api/analysis/user - ::1","service":"cryptoanalyst-api","timestamp":"2025-06-27T04:23:07.204Z"}
{"level":"info","message":"GET /api/analysis/user - ::1","service":"cryptoanalyst-api","timestamp":"2025-06-27T04:23:07.234Z"}
{"level":"info","message":"GET /api/payments/revenue/dashboard - ::1","service":"cryptoanalyst-api","timestamp":"2025-06-27T04:23:08.542Z"}
{"level":"info","message":"GET /api/payments/revenue/dashboard - ::1","service":"cryptoanalyst-api","timestamp":"2025-06-27T04:23:08.553Z"}
{"level":"info","message":"POST /api/auth/login - ::1","service":"cryptoanalyst-api","timestamp":"2025-06-27T04:23:44.584Z"}
{"level":"info","message":"GET /api/payments/revenue/dashboard - ::1","service":"cryptoanalyst-api","timestamp":"2025-06-27T04:23:44.838Z"}
{"level":"info","message":"GET /api/payments/revenue/dashboard - ::1","service":"cryptoanalyst-api","timestamp":"2025-06-27T04:23:44.846Z"}
{"level":"info","message":"GET /api/analysis/types - ::1","service":"cryptoanalyst-api","timestamp":"2025-06-27T04:24:35.587Z"}
{"level":"info","message":"GET /api/analysis/types - ::1","service":"cryptoanalyst-api","timestamp":"2025-06-27T04:24:35.589Z"}
{"level":"info","message":"GET /api/analysis/user - ::1","service":"cryptoanalyst-api","timestamp":"2025-06-27T04:24:36.199Z"}
{"level":"info","message":"GET /api/analysis/user - ::1","service":"cryptoanalyst-api","timestamp":"2025-06-27T04:24:36.206Z"}
{"level":"info","message":"GET /api/payments/revenue/dashboard - ::1","service":"cryptoanalyst-api","timestamp":"2025-06-27T04:24:37.676Z"}
{"level":"info","message":"GET /api/payments/revenue/dashboard - ::1","service":"cryptoanalyst-api","timestamp":"2025-06-27T04:24:37.682Z"}
{"level":"info","message":"POST /api/auth/login - ::1","service":"cryptoanalyst-api","timestamp":"2025-06-27T04:31:50.901Z"}
{"level":"info","message":"GET /api/payments/revenue/dashboard - ::1","service":"cryptoanalyst-api","timestamp":"2025-06-27T04:31:51.198Z"}
{"level":"info","message":"GET /api/payments/revenue/dashboard - ::1","service":"cryptoanalyst-api","timestamp":"2025-06-27T04:31:51.215Z"}
{"level":"info","message":"GET /api/auth/profile - ::1","service":"cryptoanalyst-api","timestamp":"2025-06-27T04:50:21.761Z"}
{"level":"info","message":"GET /api/auth/profile - ::1","service":"cryptoanalyst-api","timestamp":"2025-06-27T04:50:21.891Z"}
{"level":"info","message":"GET /api/analysis/types - ::1","service":"cryptoanalyst-api","timestamp":"2025-06-27T04:50:21.916Z"}
{"level":"info","message":"GET /api/analysis/types - ::1","service":"cryptoanalyst-api","timestamp":"2025-06-27T04:50:21.920Z"}
{"level":"info","message":"GET /api/auth/profile - ::1","service":"cryptoanalyst-api","timestamp":"2025-06-27T04:50:29.993Z"}
{"level":"info","message":"GET /api/auth/profile - ::1","service":"cryptoanalyst-api","timestamp":"2025-06-27T04:50:30.010Z"}
{"level":"info","message":"GET /api/analysis/types - ::1","service":"cryptoanalyst-api","timestamp":"2025-06-27T04:50:30.024Z"}
{"level":"info","message":"GET /api/analysis/types - ::1","service":"cryptoanalyst-api","timestamp":"2025-06-27T04:50:30.032Z"}
{"level":"info","message":"GET /api/analysis/user - ::1","service":"cryptoanalyst-api","timestamp":"2025-06-27T04:50:31.905Z"}
{"level":"info","message":"GET /api/analysis/user - ::1","service":"cryptoanalyst-api","timestamp":"2025-06-27T04:50:31.919Z"}
{"level":"info","message":"GET /api/payments/revenue/dashboard - ::1","service":"cryptoanalyst-api","timestamp":"2025-06-27T04:50:34.366Z"}
{"level":"info","message":"GET /api/payments/revenue/dashboard - ::1","service":"cryptoanalyst-api","timestamp":"2025-06-27T04:50:34.384Z"}
{"level":"info","message":"POST /api/auth/login - ::1","service":"cryptoanalyst-api","timestamp":"2025-06-27T04:50:41.253Z"}
{"level":"info","message":"GET /api/payments/revenue/dashboard - ::1","service":"cryptoanalyst-api","timestamp":"2025-06-27T04:50:41.514Z"}
{"level":"info","message":"GET /api/payments/revenue/dashboard - ::1","service":"cryptoanalyst-api","timestamp":"2025-06-27T04:50:41.524Z"}
{"level":"info","message":"GET /api/analysis/user - ::1","service":"cryptoanalyst-api","timestamp":"2025-06-27T04:52:54.567Z"}
{"level":"info","message":"GET /api/analysis/user - ::1","service":"cryptoanalyst-api","timestamp":"2025-06-27T04:52:54.575Z"}
{"level":"info","message":"GET /api/payments/revenue/dashboard - ::1","service":"cryptoanalyst-api","timestamp":"2025-06-27T04:52:55.289Z"}
{"level":"info","message":"GET /api/payments/revenue/dashboard - ::1","service":"cryptoanalyst-api","timestamp":"2025-06-27T04:52:55.295Z"}
{"level":"info","message":"GET /api/analysis/user - ::1","service":"cryptoanalyst-api","timestamp":"2025-06-27T04:52:56.234Z"}
{"level":"info","message":"GET /api/analysis/user - ::1","service":"cryptoanalyst-api","timestamp":"2025-06-27T04:52:56.238Z"}
{"level":"info","message":"GET /api/analysis/types - ::1","service":"cryptoanalyst-api","timestamp":"2025-06-27T04:52:56.623Z"}
{"level":"info","message":"GET /api/analysis/types - ::1","service":"cryptoanalyst-api","timestamp":"2025-06-27T04:52:56.625Z"}
{"level":"info","message":"GET /api/analysis/user - ::1","service":"cryptoanalyst-api","timestamp":"2025-06-27T04:53:01.170Z"}
{"level":"info","message":"GET /api/analysis/user - ::1","service":"cryptoanalyst-api","timestamp":"2025-06-27T04:53:01.174Z"}
{"level":"info","message":"GET /api/analysis/types - ::1","service":"cryptoanalyst-api","timestamp":"2025-06-27T04:56:24.226Z"}
{"level":"info","message":"GET /api/analysis/types - ::1","service":"cryptoanalyst-api","timestamp":"2025-06-27T04:56:24.227Z"}
{"level":"info","message":"GET /api/auth/profile - ::1","service":"cryptoanalyst-api","timestamp":"2025-06-27T05:08:43.835Z"}
{"level":"info","message":"GET /api/auth/profile - ::1","service":"cryptoanalyst-api","timestamp":"2025-06-27T05:08:43.943Z"}
{"level":"info","message":"GET /api/analysis/types - ::1","service":"cryptoanalyst-api","timestamp":"2025-06-27T05:08:44.001Z"}
{"level":"info","message":"GET /api/analysis/types - ::1","service":"cryptoanalyst-api","timestamp":"2025-06-27T05:08:44.006Z"}
{"level":"info","message":"GET /api/analysis/user - ::1","service":"cryptoanalyst-api","timestamp":"2025-06-27T05:09:08.167Z"}
{"level":"info","message":"GET /api/analysis/user - ::1","service":"cryptoanalyst-api","timestamp":"2025-06-27T05:09:08.184Z"}
{"level":"info","message":"GET /api/payments/revenue/dashboard - ::1","service":"cryptoanalyst-api","timestamp":"2025-06-27T05:09:08.635Z"}
{"level":"info","message":"GET /api/payments/revenue/dashboard - ::1","service":"cryptoanalyst-api","timestamp":"2025-06-27T05:09:08.648Z"}
{"level":"info","message":"🚀 Server running on port 3001","service":"cryptoanalyst-api","timestamp":"2025-06-27T05:23:13.123Z"}
{"level":"info","message":"🔗 Environment: development","service":"cryptoanalyst-api","timestamp":"2025-06-27T05:23:13.133Z"}
{"level":"info","message":"🎯 Ready for hackathon demo!","service":"cryptoanalyst-api","timestamp":"2025-06-27T05:23:13.133Z"}
{"level":"info","message":"📍 Health check: http://localhost:3001/health","service":"cryptoanalyst-api","timestamp":"2025-06-27T05:23:13.133Z"}
{"level":"info","message":"GET /api/auth/profile - ::1","service":"cryptoanalyst-api","timestamp":"2025-06-27T05:26:25.655Z"}
{"level":"info","message":"GET /api/auth/profile - ::1","service":"cryptoanalyst-api","timestamp":"2025-06-27T05:26:25.807Z"}
{"level":"info","message":"GET /api/analysis/types - ::1","service":"cryptoanalyst-api","timestamp":"2025-06-27T05:26:25.824Z"}
{"level":"info","message":"GET /api/analysis/types - ::1","service":"cryptoanalyst-api","timestamp":"2025-06-27T05:26:25.827Z"}
{"level":"info","message":"POST /api/auth/login - ::1","service":"cryptoanalyst-api","timestamp":"2025-06-27T05:26:38.696Z"}
{"level":"info","message":"GET /api/analysis/types - ::1","service":"cryptoanalyst-api","timestamp":"2025-06-27T05:26:39.887Z"}
{"level":"info","message":"GET /api/analysis/types - ::1","service":"cryptoanalyst-api","timestamp":"2025-06-27T05:26:39.889Z"}
{"level":"info","message":"GET /api/analysis/user - ::1","service":"cryptoanalyst-api","timestamp":"2025-06-27T05:26:41.306Z"}
{"level":"info","message":"GET /api/analysis/user - ::1","service":"cryptoanalyst-api","timestamp":"2025-06-27T05:26:41.319Z"}
{"level":"info","message":"GET /api/payments/revenue/dashboard - ::1","service":"cryptoanalyst-api","timestamp":"2025-06-27T05:26:43.075Z"}
{"level":"info","message":"GET /api/payments/revenue/dashboard - ::1","service":"cryptoanalyst-api","timestamp":"2025-06-27T05:26:43.087Z"}
